TN:
SF:src\extension\util.ts
FN:1,getNonce
FNF:1
FNH:0
FNDA:0,getNonce
DA:2,0
DA:4,0
DA:5,0
DA:6,0
DA:8,0
LF:5
LH:0
BRF:0
BRH:0
end_of_record
TN:
SF:src\extension\backend\AlgorithmEnum.ts
FNF:0
FNH:0
LF:0
LH:0
BRF:0
BRH:0
end_of_record
TN:
SF:src\extension\backend\Document.ts
FNF:0
FNH:0
LF:0
LH:0
BRF:0
BRH:0
end_of_record
TN:
SF:src\extension\backend\algorithms\edit-distance\algo-enum.ts
FNF:0
FNH:0
LF:0
LH:0
BRF:0
BRH:0
end_of_record
TN:
SF:src\extension\backend\algorithms\edit-distance\damerau-levenshtein.ts
FN:8,damerau_levenshtein
FNF:1
FNH:0
FNDA:0,damerau_levenshtein
DA:9,0
DA:10,0
DA:12,0
DA:13,0
DA:15,0
DA:17,0
DA:18,0
DA:21,0
DA:23,0
DA:25,0
DA:26,0
DA:27,0
DA:29,0
DA:30,0
DA:31,0
DA:39,0
DA:40,0
DA:41,0
DA:42,0
DA:43,0
DA:44,0
DA:45,0
DA:46,0
DA:48,0
DA:50,0
DA:52,0
DA:55,0
LF:27
LH:0
BRDA:44,0,0,0
BRDA:44,0,1,0
BRF:2
BRH:0
end_of_record
TN:
SF:src\extension\backend\algorithms\edit-distance\edit-distance.ts
FN:13,getWords
FN:14,(anonymous_1)
FN:25,chooseAlgorithm
FN:43,getSimilarWords
FN:64,find_closest
FN:65,(anonymous_5)
FN:70,(anonymous_6)
FN:72,(anonymous_7)
FNF:8
FNH:0
FNDA:0,getWords
FNDA:0,(anonymous_1)
FNDA:0,chooseAlgorithm
FNDA:0,getSimilarWords
FNDA:0,find_closest
FNDA:0,(anonymous_5)
FNDA:0,(anonymous_6)
FNDA:0,(anonymous_7)
DA:14,0
DA:26,0
DA:28,0
DA:30,0
DA:32,0
DA:44,0
DA:46,0
DA:48,0
DA:49,0
DA:50,0
DA:54,0
DA:65,0
DA:70,0
DA:72,0
DA:78,0
DA:79,0
DA:80,0
DA:82,0
DA:83,0
DA:84,0
DA:86,0
DA:87,0
DA:88,0
LF:23
LH:0
BRDA:26,0,0,0
BRDA:26,0,1,0
BRDA:26,0,2,0
BRDA:43,1,0,0
BRDA:49,2,0,0
BRDA:49,2,1,0
BRDA:64,3,0,0
BRF:7
BRH:0
end_of_record
TN:
SF:src\extension\backend\algorithms\edit-distance\levenshtein.ts
FN:8,levenshtein
FNF:1
FNH:0
FNDA:0,levenshtein
DA:9,0
DA:10,0
DA:12,0
DA:14,0
DA:15,0
DA:18,0
DA:19,0
DA:20,0
DA:22,0
DA:23,0
DA:26,0
DA:27,0
DA:28,0
DA:29,0
DA:30,0
DA:32,0
DA:37,0
LF:17
LH:0
BRDA:29,0,0,0
BRDA:29,0,1,0
BRF:2
BRH:0
end_of_record
TN:
SF:src\extension\backend\algorithms\information-retrieval\BackendFactory.ts
FN:14,(anonymous_0)
FN:25,(anonymous_1)
FN:36,(anonymous_2)
FN:46,(anonymous_3)
FN:55,(anonymous_4)
FN:59,(anonymous_5)
FN:87,(anonymous_6)
FNF:7
FNH:0
FNDA:0,(anonymous_0)
FNDA:0,(anonymous_1)
FNDA:0,(anonymous_2)
FNDA:0,(anonymous_3)
FNDA:0,(anonymous_4)
FNDA:0,(anonymous_5)
FNDA:0,(anonymous_6)
DA:11,0
DA:15,0
DA:16,0
DA:18,0
DA:27,0
DA:29,0
DA:37,0
DA:47,0
DA:56,0
DA:59,0
DA:60,0
DA:61,0
DA:64,0
DA:66,0
DA:67,0
DA:69,0
DA:71,0
DA:72,0
DA:73,0
DA:74,0
DA:82,0
DA:84,0
DA:88,0
DA:89,0
DA:90,0
DA:91,0
DA:92,0
LF:27
LH:0
BRDA:15,0,0,0
BRDA:15,0,1,0
BRDA:60,1,0,0
BRDA:60,1,1,0
BRDA:69,2,0,0
BRDA:69,2,1,0
BRDA:72,3,0,0
BRDA:72,3,1,0
BRDA:88,4,0,0
BRDA:88,4,1,0
BRDA:88,5,0,0
BRDA:88,5,1,0
BRF:12
BRH:0
end_of_record
TN:
SF:src\extension\backend\algorithms\information-retrieval\QueryBackend.ts
FN:15,(anonymous_0)
FN:41,(anonymous_1)
FNF:2
FNH:0
FNDA:0,(anonymous_0)
FNDA:0,(anonymous_1)
DA:10,0
DA:12,0
DA:16,0
DA:42,0
DA:43,0
DA:45,0
LF:6
LH:0
BRDA:42,0,0,0
BRDA:42,0,1,0
BRF:2
BRH:0
end_of_record
TN:
SF:src\extension\backend\algorithms\information-retrieval\Boolean\BooleanBackend.ts
FN:13,(anonymous_0)
FN:37,(anonymous_1)
FN:46,(anonymous_2)
FNF:3
FNH:0
FNDA:0,(anonymous_0)
FNDA:0,(anonymous_1)
FNDA:0,(anonymous_2)
DA:14,0
DA:15,0
DA:16,0
DA:17,0
DA:18,0
DA:19,0
DA:20,0
DA:21,0
DA:23,0
DA:24,0
DA:30,0
DA:48,0
DA:49,0
DA:51,0
DA:52,0
DA:54,0
DA:56,0
DA:58,0
DA:59,0
DA:61,0
DA:62,0
DA:65,0
DA:66,0
DA:67,0
DA:75,0
DA:79,0
LF:26
LH:0
BRDA:19,0,0,0
BRDA:19,0,1,0
BRDA:20,1,0,0
BRDA:20,1,1,0
BRDA:23,2,0,0
BRDA:23,2,1,0
BRDA:56,3,0,0
BRDA:56,3,1,0
BRDA:61,4,0,0
BRDA:61,4,1,0
BRDA:61,5,0,0
BRDA:61,5,1,0
BRDA:66,6,0,0
BRDA:66,6,1,0
BRF:14
BRH:0
end_of_record
TN:
SF:src\extension\backend\algorithms\information-retrieval\Fuzzy\FuzzyBackend.ts
FN:16,(anonymous_0)
FN:68,(anonymous_1)
FN:122,(anonymous_2)
FN:141,(anonymous_3)
FN:161,(anonymous_4)
FN:181,(anonymous_5)
FN:196,(anonymous_6)
FNF:7
FNH:0
FNDA:0,(anonymous_0)
FNDA:0,(anonymous_1)
FNDA:0,(anonymous_2)
FNDA:0,(anonymous_3)
FNDA:0,(anonymous_4)
FNDA:0,(anonymous_5)
FNDA:0,(anonymous_6)
DA:18,0
DA:21,0
DA:22,0
DA:23,0
DA:25,0
DA:27,0
DA:28,0
DA:29,0
DA:30,0
DA:32,0
DA:33,0
DA:35,0
DA:69,0
DA:70,0
DA:73,0
DA:74,0
DA:75,0
DA:77,0
DA:78,0
DA:80,0
DA:81,0
DA:84,0
DA:87,0
DA:90,0
DA:91,0
DA:94,0
DA:95,0
DA:96,0
DA:98,0
DA:101,0
DA:102,0
DA:110,0
DA:111,0
DA:114,0
DA:115,0
DA:118,0
DA:123,0
DA:125,0
DA:126,0
DA:127,0
DA:130,0
DA:134,0
DA:143,0
DA:144,0
DA:145,0
DA:147,0
DA:148,0
DA:150,0
DA:162,0
DA:163,0
DA:164,0
DA:165,0
DA:167,0
DA:168,0
DA:170,0
DA:171,0
DA:172,0
DA:173,0
DA:176,0
DA:180,0
DA:181,0
DA:182,0
DA:193,0
DA:204,0
DA:205,0
DA:207,0
DA:209,0
DA:211,0
DA:212,0
DA:213,0
DA:215,0
DA:218,0
DA:219,0
DA:224,0
DA:225,0
DA:234,0
DA:235,0
DA:236,0
LF:78
LH:0
BRDA:21,0,0,0
BRDA:21,0,1,0
BRDA:94,1,0,0
BRDA:94,1,1,0
BRDA:101,2,0,0
BRDA:101,2,1,0
BRDA:126,3,0,0
BRDA:126,3,1,0
BRDA:144,4,0,0
BRDA:144,4,1,0
BRDA:212,5,0,0
BRDA:212,5,1,0
BRDA:218,6,0,0
BRDA:218,6,1,0
BRDA:224,7,0,0
BRDA:224,7,1,0
BRDA:224,8,0,0
BRDA:224,8,1,0
BRDA:234,9,0,0
BRDA:234,9,1,0
BRF:20
BRH:0
end_of_record
TN:
SF:src\extension\backend\algorithms\information-retrieval\Fuzzy\Node.ts
FN:10,(anonymous_0)
FNF:1
FNH:0
FNDA:0,(anonymous_0)
DA:11,0
DA:12,0
DA:13,0
DA:14,0
DA:15,0
DA:16,0
DA:17,0
LF:7
LH:0
BRF:0
BRH:0
end_of_record
TN:
SF:src\extension\backend\algorithms\information-retrieval\LanguageModel\LanguageModelBackend.ts
FN:12,(anonymous_0)
FN:64,(anonymous_1)
FN:73,(anonymous_2)
FNF:3
FNH:0
FNDA:0,(anonymous_0)
FNDA:0,(anonymous_1)
FNDA:0,(anonymous_2)
DA:15,0
DA:16,0
DA:18,0
DA:20,0
DA:21,0
DA:22,0
DA:27,0
DA:28,0
DA:29,0
DA:31,0
DA:33,0
DA:34,0
DA:39,0
DA:40,0
DA:42,0
DA:43,0
DA:44,0
DA:45,0
DA:46,0
DA:50,0
DA:51,0
DA:56,0
DA:75,0
DA:77,0
DA:78,0
DA:82,0
DA:83,0
DA:84,0
DA:85,0
DA:86,0
DA:87,0
DA:88,0
DA:89,0
DA:92,0
DA:99,0
DA:102,0
LF:36
LH:0
BRDA:33,0,0,0
BRDA:33,0,1,0
BRDA:42,1,0,0
BRDA:42,1,1,0
BRDA:50,2,0,0
BRDA:50,2,1,0
BRDA:85,3,0,0
BRDA:85,3,1,0
BRDA:88,4,0,0
BRDA:88,4,1,0
BRF:10
BRH:0
end_of_record
TN:
SF:src\extension\backend\algorithms\information-retrieval\Vector\VectorBackend.ts
FN:16,(anonymous_0)
FN:25,(anonymous_1)
FN:40,(anonymous_2)
FN:49,(anonymous_3)
FN:62,(anonymous_4)
FN:73,(anonymous_5)
FN:95,(anonymous_6)
FN:96,(anonymous_7)
FNF:8
FNH:0
FNDA:0,(anonymous_0)
FNDA:0,(anonymous_1)
FNDA:0,(anonymous_2)
FNDA:0,(anonymous_3)
FNDA:0,(anonymous_4)
FNDA:0,(anonymous_5)
FNDA:0,(anonymous_6)
FNDA:0,(anonymous_7)
DA:18,0
DA:22,0
DA:23,0
DA:24,0
DA:25,0
DA:26,0
DA:27,0
DA:28,0
DA:30,0
DA:50,0
DA:53,0
DA:54,0
DA:60,0
DA:61,0
DA:62,0
DA:63,0
DA:64,0
DA:68,0
DA:71,0
DA:72,0
DA:73,0
DA:74,0
DA:75,0
DA:78,0
DA:81,0
DA:83,0
DA:87,0
DA:88,0
DA:95,0
DA:96,0
DA:99,0
DA:106,0
DA:107,0
DA:108,0
DA:109,0
DA:110,0
DA:113,0
DA:114,0
LF:38
LH:0
BRDA:27,0,0,0
BRDA:27,0,1,0
BRDA:27,1,0,0
BRDA:27,1,1,0
BRDA:109,2,0,0
BRDA:109,2,1,0
BRDA:109,3,0,0
BRDA:109,3,1,0
BRF:8
BRH:0
end_of_record
TN:
SF:src\extension\backend\algorithms\information-retrieval\Vector\createIndex.ts
FN:3,createIndex
FN:10,(anonymous_1)
FNF:2
FNH:0
FNDA:0,createIndex
FNDA:0,(anonymous_1)
DA:4,0
DA:8,0
DA:9,0
DA:10,0
DA:11,0
DA:12,0
DA:13,0
DA:15,0
DA:20,0
DA:23,0
DA:25,0
DA:26,0
DA:27,0
DA:28,0
DA:29,0
DA:31,0
DA:33,0
LF:17
LH:0
BRDA:12,0,0,0
BRDA:12,0,1,0
BRDA:12,1,0,0
BRDA:12,1,1,0
BRF:4
BRH:0
end_of_record
TN:
SF:src\extension\backend\algorithms\information-retrieval\Vector\tf-idf-cosine-similarity.ts
FN:11,tf
FN:48,(anonymous_1)
FN:67,idf
FN:104,(anonymous_3)
FN:120,tf_idf
FN:140,get_unit_vector
FN:162,dot_product
FN:181,cosine_similarity
FNF:8
FNH:0
FNDA:0,tf
FNDA:0,(anonymous_1)
FNDA:0,idf
FNDA:0,(anonymous_3)
FNDA:0,tf_idf
FNDA:0,get_unit_vector
FNDA:0,dot_product
FNDA:0,cosine_similarity
DA:43,0
DA:45,0
DA:47,0
DA:48,0
DA:49,0
DA:50,0
DA:52,0
DA:54,0
DA:57,0
DA:99,0
DA:101,0
DA:103,0
DA:104,0
DA:105,0
DA:106,0
DA:109,0
DA:122,0
DA:124,0
DA:126,0
DA:127,0
DA:130,0
DA:142,0
DA:143,0
DA:145,0
DA:147,0
DA:148,0
DA:151,0
DA:164,0
DA:166,0
DA:167,0
DA:170,0
DA:183,0
LF:32
LH:0
BRDA:49,0,0,0
BRDA:49,0,1,0
BRF:2
BRH:0
end_of_record
TN:
SF:src\extension\backend\algorithms\information-retrieval\Vector\classes\Vector.ts
FN:13,(anonymous_0)
FN:23,(anonymous_1)
FN:32,(anonymous_2)
FN:42,(anonymous_3)
FN:51,(anonymous_4)
FN:53,(anonymous_5)
FN:64,(anonymous_6)
FNF:7
FNH:0
FNDA:0,(anonymous_0)
FNDA:0,(anonymous_1)
FNDA:0,(anonymous_2)
FNDA:0,(anonymous_3)
FNDA:0,(anonymous_4)
FNDA:0,(anonymous_5)
FNDA:0,(anonymous_6)
DA:14,0
DA:24,0
DA:33,0
DA:43,0
DA:52,0
DA:53,0
DA:54,0
DA:56,0
DA:65,0
DA:66,0
DA:67,0
LF:11
LH:0
BRF:0
BRH:0
end_of_record
TN:
SF:src\extension\backend\algorithms\information-retrieval\Vector\classes\VectorIndex 2.ts
FN:5,(anonymous_0)
FN:9,(anonymous_1)
FN:13,(anonymous_2)
FN:21,(anonymous_3)
FN:25,(anonymous_4)
FN:29,(anonymous_5)
FN:31,(anonymous_6)
FNF:7
FNH:0
FNDA:0,(anonymous_0)
FNDA:0,(anonymous_1)
FNDA:0,(anonymous_2)
FNDA:0,(anonymous_3)
FNDA:0,(anonymous_4)
FNDA:0,(anonymous_5)
FNDA:0,(anonymous_6)
DA:6,0
DA:10,0
DA:14,0
DA:15,0
DA:18,0
DA:22,0
DA:26,0
DA:30,0
DA:31,0
DA:32,0
DA:33,0
DA:34,0
DA:35,0
DA:37,0
LF:14
LH:0
BRDA:14,0,0,0
BRDA:14,0,1,0
BRDA:34,1,0,0
BRDA:34,1,1,0
BRDA:34,2,0,0
BRDA:34,2,1,0
BRF:6
BRH:0
end_of_record
TN:
SF:src\extension\backend\algorithms\information-retrieval\Vector\classes\VectorIndex.ts
FN:5,(anonymous_0)
FN:9,(anonymous_1)
FN:13,(anonymous_2)
FN:21,(anonymous_3)
FN:25,(anonymous_4)
FN:29,(anonymous_5)
FN:31,(anonymous_6)
FNF:7
FNH:0
FNDA:0,(anonymous_0)
FNDA:0,(anonymous_1)
FNDA:0,(anonymous_2)
FNDA:0,(anonymous_3)
FNDA:0,(anonymous_4)
FNDA:0,(anonymous_5)
FNDA:0,(anonymous_6)
DA:6,0
DA:10,0
DA:14,0
DA:15,0
DA:18,0
DA:22,0
DA:26,0
DA:30,0
DA:31,0
DA:32,0
DA:33,0
DA:34,0
DA:35,0
DA:37,0
LF:14
LH:0
BRDA:14,0,0,0
BRDA:14,0,1,0
BRDA:34,1,0,0
BRDA:34,1,1,0
BRDA:34,2,0,0
BRDA:34,2,1,0
BRF:6
BRH:0
end_of_record
TN:
SF:src\extension\backend\algorithms\string-matching\naive.ts
FN:8,naive_search
FNF:1
FNH:0
FNDA:0,naive_search
DA:15,0
DA:17,0
DA:18,0
DA:20,0
DA:21,0
DA:23,0
DA:24,0
DA:27,0
DA:28,0
DA:32,0
LF:10
LH:0
BRDA:23,0,0,0
BRDA:23,0,1,0
BRDA:27,1,0,0
BRDA:27,1,1,0
BRF:4
BRH:0
end_of_record
TN:
SF:src\extension\backend\algorithms\string-matching\string-matching.ts
FNF:0
FNH:0
DA:4,0
DA:5,0
DA:6,0
DA:7,0
DA:10,0
DA:11,0
DA:12,0
DA:13,0
LF:8
LH:0
BRF:0
BRH:0
end_of_record
TN:
SF:src\extension\backend\queries\BooleanQuery.ts
FN:10,(anonymous_0)
FN:21,(anonymous_1)
FNF:2
FNH:0
FNDA:0,(anonymous_0)
FNDA:0,(anonymous_1)
DA:12,0
DA:13,0
DA:22,0
DA:23,0
DA:26,0
LF:5
LH:0
BRDA:22,0,0,0
BRDA:22,0,1,0
BRF:2
BRH:0
end_of_record
TN:
SF:src\extension\backend\queries\FuzzyQuery.ts
FN:10,(anonymous_0)
FN:23,(anonymous_1)
FNF:2
FNH:0
FNDA:0,(anonymous_0)
FNDA:0,(anonymous_1)
DA:13,0
DA:15,0
DA:24,0
LF:3
LH:0
BRF:0
BRH:0
end_of_record
TN:
SF:src\extension\backend\queries\LanguageModelQuery.ts
FN:10,(anonymous_0)
FN:21,(anonymous_1)
FNF:2
FNH:0
FNDA:0,(anonymous_0)
FNDA:0,(anonymous_1)
DA:12,0
DA:13,0
DA:22,0
LF:3
LH:0
BRF:0
BRH:0
end_of_record
TN:
SF:src\extension\backend\queries\Query.ts
FN:5,(anonymous_0)
FN:20,(anonymous_1)
FNF:2
FNH:0
FNDA:0,(anonymous_0)
FNDA:0,(anonymous_1)
DA:6,0
DA:21,0
LF:2
LH:0
BRF:0
BRH:0
end_of_record
TN:
SF:src\extension\backend\queries\QueryFactory.ts
FN:18,(anonymous_0)
FN:25,(anonymous_1)
FNF:2
FNH:0
FNDA:0,(anonymous_0)
FNDA:0,(anonymous_1)
DA:19,0
DA:20,0
DA:22,0
DA:27,0
DA:28,0
DA:31,0
DA:32,0
DA:35,0
DA:36,0
DA:39,0
DA:40,0
LF:11
LH:0
BRDA:19,0,0,0
BRDA:19,0,1,0
BRDA:27,1,0,0
BRDA:27,1,1,0
BRDA:31,2,0,0
BRDA:31,2,1,0
BRDA:35,3,0,0
BRDA:35,3,1,0
BRDA:39,4,0,0
BRDA:39,4,1,0
BRF:10
BRH:0
end_of_record
TN:
SF:src\extension\backend\queries\VectorQuery.ts
FN:10,(anonymous_0)
FN:20,(anonymous_1)
FNF:2
FNH:0
FNDA:0,(anonymous_0)
FNDA:0,(anonymous_1)
DA:12,0
DA:21,0
LF:2
LH:0
BRF:0
BRH:0
end_of_record
TN:
SF:src\extension\backend\results\QueryResponse.ts
FNF:0
FNH:0
LF:0
LH:0
BRF:0
BRH:0
end_of_record
TN:
SF:src\extension\backend\results\QueryResult.ts
FNF:0
FNH:0
LF:0
LH:0
BRF:0
BRH:0
end_of_record
TN:
SF:src\extension\backend\results\RankedQueryResult.ts
FNF:0
FNH:0
LF:0
LH:0
BRF:0
BRH:0
end_of_record
TN:
SF:src\extension\features\cache-operation.ts
FN:3,registerCacheCommand
FN:9,registersearchmasterShowSecretStorage
FN:11,(anonymous_2)
FN:18,registerShowCache
FN:20,(anonymous_4)
FN:27,registerClearCache
FN:29,(anonymous_6)
FNF:7
FNH:0
FNDA:0,registerCacheCommand
FNDA:0,registersearchmasterShowSecretStorage
FNDA:0,(anonymous_2)
FNDA:0,registerShowCache
FNDA:0,(anonymous_4)
FNDA:0,registerClearCache
FNDA:0,(anonymous_6)
DA:4,0
DA:5,0
DA:6,0
DA:10,0
DA:12,0
DA:13,0
DA:19,0
DA:21,0
DA:22,0
DA:28,0
DA:30,0
DA:31,0
LF:12
LH:0
BRDA:13,0,0,0
BRDA:13,0,1,0
BRDA:22,1,0,0
BRDA:22,1,1,0
BRDA:31,2,0,0
BRDA:31,2,1,0
BRF:6
BRH:0
end_of_record
TN:
SF:src\extension\views\register-webview-provider.ts
FN:24,registerWebViewProvider
FN:35,(anonymous_1)
FN:41,(anonymous_2)
FN:54,(anonymous_3)
FN:73,(anonymous_4)
FN:79,(anonymous_5)
FN:205,(anonymous_6)
FNF:7
FNH:0
FNDA:0,registerWebViewProvider
FNDA:0,(anonymous_1)
FNDA:0,(anonymous_2)
FNDA:0,(anonymous_3)
FNDA:0,(anonymous_4)
FNDA:0,(anonymous_5)
FNDA:0,(anonymous_6)
DA:28,0
DA:29,0
DA:46,0
DA:48,0
DA:54,0
DA:55,0
DA:60,0
DA:62,0
DA:70,0
DA:73,0
DA:74,0
DA:75,0
DA:79,0
DA:84,0
DA:85,0
DA:91,0
DA:92,0
DA:94,0
DA:95,0
DA:96,0
DA:98,0
DA:103,0
DA:108,0
DA:110,0
DA:113,0
DA:114,0
DA:120,0
DA:123,0
DA:124,0
DA:125,0
DA:126,0
DA:127,0
DA:133,0
DA:136,0
DA:140,0
DA:145,0
DA:146,0
DA:149,0
DA:152,0
DA:153,0
DA:154,0
DA:155,0
DA:158,0
DA:159,0
DA:160,0
DA:165,0
DA:167,0
DA:169,0
DA:170,0
DA:175,0
DA:178,0
DA:179,0
DA:182,0
DA:187,0
DA:190,0
DA:193,0
DA:195,0
DA:198,0
DA:199,0
DA:210,0
DA:213,0
DA:216,0
DA:220,0
DA:221,0
DA:230,0
DA:239,0
DA:248,0
DA:257,0
DA:266,0
DA:275,0
DA:284,0
DA:293,0
LF:72
LH:0
BRDA:74,0,0,0
BRDA:74,0,1,0
BRDA:85,1,0,0
BRDA:85,1,1,0
BRDA:85,1,2,0
BRDA:91,2,0,0
BRDA:91,2,1,0
BRDA:108,3,0,0
BRDA:108,3,1,0
BRDA:113,4,0,0
BRDA:113,4,1,0
BRDA:123,5,0,0
BRDA:123,5,1,0
BRDA:124,6,0,0
BRDA:124,6,1,0
BRDA:126,7,0,0
BRDA:126,7,1,0
BRDA:126,8,0,0
BRDA:126,8,1,0
BRDA:158,9,0,0
BRDA:158,9,1,0
BRDA:158,10,0,0
BRDA:158,10,1,0
BRDA:167,11,0,0
BRDA:167,11,1,0
BRDA:500,12,0,0
BRDA:500,12,1,0
BRDA:514,13,0,0
BRDA:514,13,1,0
BRDA:516,14,0,0
BRDA:516,14,1,0
BRDA:521,15,0,0
BRDA:521,15,1,0
BRDA:524,16,0,0
BRDA:524,16,1,0
BRDA:527,17,0,0
BRDA:527,17,1,0
BRDA:530,18,0,0
BRDA:530,18,1,0
BRDA:533,19,0,0
BRDA:533,19,1,0
BRF:41
BRH:0
end_of_record
